2025-03-26T19:54:46.432+08:00  INFO 10652 --- [spring-aop-demo] [main] c.fallsvc.aop.SpringAopDemoApplication   : Starting SpringAopDemoApplication using Java 17.0.9 with PID 10652 (C:\Study\github\java_study\spring-aop-demo\target\classes started by 12092 in C:\Study\github\java_study\spring-aop-demo)
2025-03-26T19:54:46.434+08:00  INFO 10652 --- [spring-aop-demo] [main] c.fallsvc.aop.SpringAopDemoApplication   : No active profile set, falling back to 1 default profile: "default"
2025-03-26T19:54:47.680+08:00  INFO 10652 --- [spring-aop-demo] [main] o.s.b.w.embedded.tomcat.TomcatWebServer  : Tomcat initialized with port 8080 (http)
2025-03-26T19:54:47.696+08:00  INFO 10652 --- [spring-aop-demo] [main] o.apache.catalina.core.StandardService   : Starting service [Tomcat]
2025-03-26T19:54:47.696+08:00  INFO 10652 --- [spring-aop-demo] [main] o.apache.catalina.core.StandardEngine    : Starting Servlet engine: [Apache Tomcat/10.1.39]
2025-03-26T19:54:47.759+08:00  INFO 10652 --- [spring-aop-demo] [main] o.a.c.c.C.[Tomcat].[localhost].[/]       : Initializing Spring embedded WebApplicationContext
2025-03-26T19:54:47.759+08:00  INFO 10652 --- [spring-aop-demo] [main] w.s.c.ServletWebServerApplicationContext : Root WebApplicationContext: initialization completed in 1277 ms
2025-03-26T19:54:49.015+08:00  INFO 10652 --- [spring-aop-demo] [main] o.s.b.w.embedded.tomcat.TomcatWebServer  : Tomcat started on port 8080 (http) with context path '/'
2025-03-26T19:54:49.031+08:00  INFO 10652 --- [spring-aop-demo] [main] c.fallsvc.aop.SpringAopDemoApplication   : Started SpringAopDemoApplication in 3.048 seconds (process running for 3.317)
2025-03-26T19:54:52.407+08:00  INFO 10652 --- [spring-aop-demo] [http-nio-8080-exec-3] o.a.c.c.C.[Tomcat].[localhost].[/]       : Initializing Spring DispatcherServlet 'dispatcherServlet'
2025-03-26T19:54:52.407+08:00  INFO 10652 --- [spring-aop-demo] [http-nio-8080-exec-3] o.s.web.servlet.DispatcherServlet        : Initializing Servlet 'dispatcherServlet'
2025-03-26T19:54:52.408+08:00  INFO 10652 --- [spring-aop-demo] [http-nio-8080-exec-3] o.s.web.servlet.DispatcherServlet        : Completed initialization in 1 ms
2025-03-26T19:54:56.621+08:00  INFO 10652 --- [spring-aop-demo] [http-nio-8080-exec-4] com.fallsvc.aop.aspect.AspectDemo1       : 目标方法执行前....
2025-03-26T19:54:56.621+08:00  INFO 10652 --- [spring-aop-demo] [http-nio-8080-exec-4] com.fallsvc.aop.aspect.AspectDemo1       : before ....
2025-03-26T19:54:56.621+08:00  INFO 10652 --- [spring-aop-demo] [http-nio-8080-exec-4] com.fallsvc.aop.aspect.AspectDemo2       : aspectDemo2 before....
2025-03-26T19:54:56.621+08:00  INFO 10652 --- [spring-aop-demo] [http-nio-8080-exec-4] com.fallsvc.aop.aspect.AspectDemo3       : aspectDemo2 before....
2025-03-26T19:54:56.621+08:00  INFO 10652 --- [spring-aop-demo] [http-nio-8080-exec-4] c.fallsvc.aop.controller.TestController  : t1 执行
2025-03-26T19:54:56.622+08:00  INFO 10652 --- [spring-aop-demo] [http-nio-8080-exec-4] com.fallsvc.aop.aspect.AspectDemo3       : aspectdemo2 after....
2025-03-26T19:54:56.622+08:00  INFO 10652 --- [spring-aop-demo] [http-nio-8080-exec-4] com.fallsvc.aop.aspect.AspectDemo2       : aspectdemo2 after....
2025-03-26T19:54:56.622+08:00  INFO 10652 --- [spring-aop-demo] [http-nio-8080-exec-4] com.fallsvc.aop.aspect.AspectDemo1       : AfterThrowing ....
2025-03-26T19:54:56.622+08:00  INFO 10652 --- [spring-aop-demo] [http-nio-8080-exec-4] com.fallsvc.aop.aspect.AspectDemo1       : after ....
2025-03-26T19:54:56.622+08:00  INFO 10652 --- [spring-aop-demo] [http-nio-8080-exec-4] com.fallsvc.aop.aspect.AspectDemo1       : throwable .....
2025-03-26T19:54:56.622+08:00  INFO 10652 --- [spring-aop-demo] [http-nio-8080-exec-4] com.fallsvc.aop.aspect.AspectDemo1       : 目标方法执行后....
2025-03-26T19:56:04.791+08:00  INFO 10652 --- [spring-aop-demo] [SpringApplicationShutdownHook] o.s.b.w.e.tomcat.GracefulShutdown        : Commencing graceful shutdown. Waiting for active requests to complete
2025-03-26T19:56:04.881+08:00  INFO 10652 --- [spring-aop-demo] [tomcat-shutdown] o.s.b.w.e.tomcat.GracefulShutdown        : Graceful shutdown complete
2025-03-26T19:56:07.594+08:00  INFO 17412 --- [spring-aop-demo] [main] c.fallsvc.aop.SpringAopDemoApplication   : Starting SpringAopDemoApplication using Java 17.0.9 with PID 17412 (C:\Study\github\java_study\spring-aop-demo\target\classes started by 12092 in C:\Study\github\java_study\spring-aop-demo)
2025-03-26T19:56:07.597+08:00  INFO 17412 --- [spring-aop-demo] [main] c.fallsvc.aop.SpringAopDemoApplication   : No active profile set, falling back to 1 default profile: "default"
2025-03-26T19:56:08.796+08:00  INFO 17412 --- [spring-aop-demo] [main] o.s.b.w.embedded.tomcat.TomcatWebServer  : Tomcat initialized with port 8080 (http)
2025-03-26T19:56:08.831+08:00  INFO 17412 --- [spring-aop-demo] [main] o.apache.catalina.core.StandardService   : Starting service [Tomcat]
2025-03-26T19:56:08.832+08:00  INFO 17412 --- [spring-aop-demo] [main] o.apache.catalina.core.StandardEngine    : Starting Servlet engine: [Apache Tomcat/10.1.39]
2025-03-26T19:56:08.894+08:00  INFO 17412 --- [spring-aop-demo] [main] o.a.c.c.C.[Tomcat].[localhost].[/]       : Initializing Spring embedded WebApplicationContext
2025-03-26T19:56:08.895+08:00  INFO 17412 --- [spring-aop-demo] [main] w.s.c.ServletWebServerApplicationContext : Root WebApplicationContext: initialization completed in 1251 ms
2025-03-26T19:56:09.875+08:00  INFO 17412 --- [spring-aop-demo] [main] o.s.b.w.embedded.tomcat.TomcatWebServer  : Tomcat started on port 8080 (http) with context path '/'
2025-03-26T19:56:09.884+08:00  INFO 17412 --- [spring-aop-demo] [main] c.fallsvc.aop.SpringAopDemoApplication   : Started SpringAopDemoApplication in 2.78 seconds (process running for 3.021)
2025-03-26T19:56:12.352+08:00  INFO 17412 --- [spring-aop-demo] [http-nio-8080-exec-1] o.a.c.c.C.[Tomcat].[localhost].[/]       : Initializing Spring DispatcherServlet 'dispatcherServlet'
2025-03-26T19:56:12.353+08:00  INFO 17412 --- [spring-aop-demo] [http-nio-8080-exec-1] o.s.web.servlet.DispatcherServlet        : Initializing Servlet 'dispatcherServlet'
2025-03-26T19:56:12.355+08:00  INFO 17412 --- [spring-aop-demo] [http-nio-8080-exec-1] o.s.web.servlet.DispatcherServlet        : Completed initialization in 0 ms
2025-03-26T19:56:12.382+08:00  INFO 17412 --- [spring-aop-demo] [http-nio-8080-exec-1] com.fallsvc.aop.aspect.AspectDemo1       : 目标方法执行前....
2025-03-26T19:56:12.382+08:00  INFO 17412 --- [spring-aop-demo] [http-nio-8080-exec-1] com.fallsvc.aop.aspect.AspectDemo1       : before ....
2025-03-26T19:56:12.382+08:00  INFO 17412 --- [spring-aop-demo] [http-nio-8080-exec-1] com.fallsvc.aop.aspect.AspectDemo3       : aspectDemo3 before....
2025-03-26T19:56:12.382+08:00  INFO 17412 --- [spring-aop-demo] [http-nio-8080-exec-1] com.fallsvc.aop.aspect.AspectDemo2       : aspectDemo2 before....
2025-03-26T19:56:12.382+08:00  INFO 17412 --- [spring-aop-demo] [http-nio-8080-exec-1] c.fallsvc.aop.controller.TestController  : t1 执行
2025-03-26T19:56:12.383+08:00  INFO 17412 --- [spring-aop-demo] [http-nio-8080-exec-1] com.fallsvc.aop.aspect.AspectDemo2       : aspectdemo2 after....
2025-03-26T19:56:12.383+08:00  INFO 17412 --- [spring-aop-demo] [http-nio-8080-exec-1] com.fallsvc.aop.aspect.AspectDemo3       : aspectdemo3 after....
2025-03-26T19:56:12.384+08:00  INFO 17412 --- [spring-aop-demo] [http-nio-8080-exec-1] com.fallsvc.aop.aspect.AspectDemo1       : AfterThrowing ....
2025-03-26T19:56:12.384+08:00  INFO 17412 --- [spring-aop-demo] [http-nio-8080-exec-1] com.fallsvc.aop.aspect.AspectDemo1       : after ....
2025-03-26T19:56:12.384+08:00  INFO 17412 --- [spring-aop-demo] [http-nio-8080-exec-1] com.fallsvc.aop.aspect.AspectDemo1       : throwable .....
2025-03-26T19:56:12.384+08:00  INFO 17412 --- [spring-aop-demo] [http-nio-8080-exec-1] com.fallsvc.aop.aspect.AspectDemo1       : 目标方法执行后....
2025-03-26T20:24:21.868+08:00  INFO 17412 --- [spring-aop-demo] [SpringApplicationShutdownHook] o.s.b.w.e.tomcat.GracefulShutdown        : Commencing graceful shutdown. Waiting for active requests to complete
2025-03-26T20:24:21.961+08:00  INFO 17412 --- [spring-aop-demo] [tomcat-shutdown] o.s.b.w.e.tomcat.GracefulShutdown        : Graceful shutdown complete
2025-03-26T20:24:24.795+08:00  INFO 30328 --- [spring-aop-demo] [main] c.fallsvc.aop.SpringAopDemoApplication   : Starting SpringAopDemoApplication using Java 17.0.9 with PID 30328 (C:\Study\github\java_study\spring-aop-demo\target\classes started by 12092 in C:\Study\github\java_study\spring-aop-demo)
2025-03-26T20:24:24.797+08:00  INFO 30328 --- [spring-aop-demo] [main] c.fallsvc.aop.SpringAopDemoApplication   : No active profile set, falling back to 1 default profile: "default"
2025-03-26T20:24:26.093+08:00  INFO 30328 --- [spring-aop-demo] [main] o.s.b.w.embedded.tomcat.TomcatWebServer  : Tomcat initialized with port 8080 (http)
2025-03-26T20:24:26.119+08:00  INFO 30328 --- [spring-aop-demo] [main] o.apache.catalina.core.StandardService   : Starting service [Tomcat]
2025-03-26T20:24:26.120+08:00  INFO 30328 --- [spring-aop-demo] [main] o.apache.catalina.core.StandardEngine    : Starting Servlet engine: [Apache Tomcat/10.1.39]
2025-03-26T20:24:26.178+08:00  INFO 30328 --- [spring-aop-demo] [main] o.a.c.c.C.[Tomcat].[localhost].[/]       : Initializing Spring embedded WebApplicationContext
2025-03-26T20:24:26.179+08:00  INFO 30328 --- [spring-aop-demo] [main] w.s.c.ServletWebServerApplicationContext : Root WebApplicationContext: initialization completed in 1321 ms
2025-03-26T20:24:27.216+08:00  INFO 30328 --- [spring-aop-demo] [main] o.s.b.w.embedded.tomcat.TomcatWebServer  : Tomcat started on port 8080 (http) with context path '/'
2025-03-26T20:24:27.226+08:00  INFO 30328 --- [spring-aop-demo] [main] c.fallsvc.aop.SpringAopDemoApplication   : Started SpringAopDemoApplication in 2.825 seconds (process running for 3.058)
2025-03-26T20:24:41.914+08:00  INFO 30328 --- [spring-aop-demo] [http-nio-8080-exec-1] o.a.c.c.C.[Tomcat].[localhost].[/]       : Initializing Spring DispatcherServlet 'dispatcherServlet'
2025-03-26T20:24:41.914+08:00  INFO 30328 --- [spring-aop-demo] [http-nio-8080-exec-1] o.s.web.servlet.DispatcherServlet        : Initializing Servlet 'dispatcherServlet'
2025-03-26T20:24:41.915+08:00  INFO 30328 --- [spring-aop-demo] [http-nio-8080-exec-1] o.s.web.servlet.DispatcherServlet        : Completed initialization in 1 ms
2025-03-26T20:24:41.941+08:00  INFO 30328 --- [spring-aop-demo] [http-nio-8080-exec-1] com.fallsvc.aop.aspect.AspectDemo1       : 目标方法执行前....
2025-03-26T20:24:41.941+08:00  INFO 30328 --- [spring-aop-demo] [http-nio-8080-exec-1] com.fallsvc.aop.aspect.AspectDemo1       : before ....
2025-03-26T20:24:41.941+08:00  INFO 30328 --- [spring-aop-demo] [http-nio-8080-exec-1] com.fallsvc.aop.aspect.AspectDemo3       : aspectDemo3 before....
2025-03-26T20:24:41.941+08:00  INFO 30328 --- [spring-aop-demo] [http-nio-8080-exec-1] com.fallsvc.aop.aspect.AspectDemo2       : aspectDemo2 before....
2025-03-26T20:24:41.941+08:00  INFO 30328 --- [spring-aop-demo] [http-nio-8080-exec-1] c.fallsvc.aop.controller.UserController  : u1 ....
2025-03-26T20:24:41.941+08:00  INFO 30328 --- [spring-aop-demo] [http-nio-8080-exec-1] com.fallsvc.aop.aspect.AspectDemo2       : aspectdemo2 after....
2025-03-26T20:24:41.941+08:00  INFO 30328 --- [spring-aop-demo] [http-nio-8080-exec-1] com.fallsvc.aop.aspect.AspectDemo3       : aspectdemo3 after....
2025-03-26T20:24:41.941+08:00  INFO 30328 --- [spring-aop-demo] [http-nio-8080-exec-1] com.fallsvc.aop.aspect.AspectDemo1       : AfterReturning ....
2025-03-26T20:24:41.942+08:00  INFO 30328 --- [spring-aop-demo] [http-nio-8080-exec-1] com.fallsvc.aop.aspect.AspectDemo1       : after ....
2025-03-26T20:24:41.942+08:00  INFO 30328 --- [spring-aop-demo] [http-nio-8080-exec-1] com.fallsvc.aop.aspect.AspectDemo1       : 目标方法执行后....
2025-03-26T20:25:13.262+08:00  INFO 30328 --- [spring-aop-demo] [http-nio-8080-exec-5] com.fallsvc.aop.aspect.AspectDemo1       : 目标方法执行前....
2025-03-26T20:25:13.262+08:00  INFO 30328 --- [spring-aop-demo] [http-nio-8080-exec-5] com.fallsvc.aop.aspect.AspectDemo1       : before ....
2025-03-26T20:25:13.262+08:00  INFO 30328 --- [spring-aop-demo] [http-nio-8080-exec-5] com.fallsvc.aop.aspect.AspectDemo3       : aspectDemo3 before....
2025-03-26T20:25:13.266+08:00  INFO 30328 --- [spring-aop-demo] [http-nio-8080-exec-5] com.fallsvc.aop.aspect.AspectDemo2       : 目标方法执行前2....
2025-03-26T20:25:13.266+08:00  INFO 30328 --- [spring-aop-demo] [http-nio-8080-exec-5] com.fallsvc.aop.aspect.AspectDemo2       : aspectDemo2 before....
2025-03-26T20:25:13.266+08:00  INFO 30328 --- [spring-aop-demo] [http-nio-8080-exec-5] c.fallsvc.aop.controller.TestController  : t1 执行
2025-03-26T20:25:13.266+08:00  INFO 30328 --- [spring-aop-demo] [http-nio-8080-exec-5] com.fallsvc.aop.aspect.AspectDemo2       : aspectdemo2 after....
2025-03-26T20:25:13.266+08:00  INFO 30328 --- [spring-aop-demo] [http-nio-8080-exec-5] com.fallsvc.aop.aspect.AspectDemo2       : throwable .....
2025-03-26T20:25:13.267+08:00  INFO 30328 --- [spring-aop-demo] [http-nio-8080-exec-5] com.fallsvc.aop.aspect.AspectDemo2       : 目标方法执行后2....
2025-03-26T20:25:13.267+08:00  INFO 30328 --- [spring-aop-demo] [http-nio-8080-exec-5] com.fallsvc.aop.aspect.AspectDemo3       : aspectdemo3 after....
2025-03-26T20:25:13.267+08:00  INFO 30328 --- [spring-aop-demo] [http-nio-8080-exec-5] com.fallsvc.aop.aspect.AspectDemo1       : AfterReturning ....
2025-03-26T20:25:13.267+08:00  INFO 30328 --- [spring-aop-demo] [http-nio-8080-exec-5] com.fallsvc.aop.aspect.AspectDemo1       : after ....
2025-03-26T20:25:13.267+08:00  INFO 30328 --- [spring-aop-demo] [http-nio-8080-exec-5] com.fallsvc.aop.aspect.AspectDemo1       : 目标方法执行后....
2025-03-26T21:02:58.713+08:00  INFO 30328 --- [spring-aop-demo] [SpringApplicationShutdownHook] o.s.b.w.e.tomcat.GracefulShutdown        : Commencing graceful shutdown. Waiting for active requests to complete
2025-03-26T21:02:58.808+08:00  INFO 30328 --- [spring-aop-demo] [tomcat-shutdown] o.s.b.w.e.tomcat.GracefulShutdown        : Graceful shutdown complete
