2025-03-13T08:59:34.417+08:00  INFO 21984 --- [spring-log-demo] [main] w.s.c.ServletWebServerApplicationContext : Root WebApplicationContext: initialization completed in 1021 ms
2025-03-13T08:59:34.828+08:00  INFO 21984 --- [spring-log-demo] [main] o.s.b.w.embedded.tomcat.TomcatWebServer  : Tomcat started on port 8080 (http) with context path '/'
2025-03-13T08:59:34.841+08:00  INFO 21984 --- [spring-log-demo] [main] c.fallsvc.log.SpringLogDemoApplication   : Started SpringLogDemoApplication in 2.055 seconds (process running for 2.474)
2025-03-13T09:02:31.067+08:00  INFO 21984 --- [spring-log-demo] [SpringApplicationShutdownHook] o.s.b.w.e.tomcat.GracefulShutdown        : Commencing graceful shutdown. Waiting for active requests to complete
2025-03-13T09:02:31.135+08:00  INFO 21984 --- [spring-log-demo] [tomcat-shutdown] o.s.b.w.e.tomcat.GracefulShutdown        : Graceful shutdown complete
2025-03-13T09:33:37.068+08:00  INFO 34628 --- [spring-log-demo] [main] c.fallsvc.log.SpringLogDemoApplication   : Starting SpringLogDemoApplication using Java 17.0.9 with PID 34628 (C:\Study\github\java_study\spring-log-demo\target\classes started by 12092 in C:\Study\github\java_study\spring-log-demo)
2025-03-13T09:33:37.070+08:00  INFO 34628 --- [spring-log-demo] [main] c.fallsvc.log.SpringLogDemoApplication   : No active profile set, falling back to 1 default profile: "default"
2025-03-13T09:33:37.768+08:00  INFO 34628 --- [spring-log-demo] [main] o.s.b.w.embedded.tomcat.TomcatWebServer  : Tomcat initialized with port 8080 (http)
2025-03-13T09:33:37.778+08:00  INFO 34628 --- [spring-log-demo] [main] o.apache.catalina.core.StandardService   : Starting service [Tomcat]
2025-03-13T09:33:37.778+08:00  INFO 34628 --- [spring-log-demo] [main] o.apache.catalina.core.StandardEngine    : Starting Servlet engine: [Apache Tomcat/10.1.36]
2025-03-13T09:33:37.812+08:00  INFO 34628 --- [spring-log-demo] [main] o.a.c.c.C.[Tomcat].[localhost].[/]       : Initializing Spring embedded WebApplicationContext
2025-03-13T09:33:37.812+08:00  INFO 34628 --- [spring-log-demo] [main] w.s.c.ServletWebServerApplicationContext : Root WebApplicationContext: initialization completed in 698 ms
2025-03-13T09:33:38.102+08:00  INFO 34628 --- [spring-log-demo] [main] o.s.b.w.embedded.tomcat.TomcatWebServer  : Tomcat started on port 8080 (http) with context path '/'
2025-03-13T09:33:38.109+08:00  INFO 34628 --- [spring-log-demo] [main] c.fallsvc.log.SpringLogDemoApplication   : Started SpringLogDemoApplication in 1.439 seconds (process running for 1.667)
2025-03-13T09:34:21.443+08:00  INFO 34628 --- [spring-log-demo] [SpringApplicationShutdownHook] o.s.b.w.e.tomcat.GracefulShutdown        : Commencing graceful shutdown. Waiting for active requests to complete
2025-03-13T09:34:21.491+08:00  INFO 34628 --- [spring-log-demo] [tomcat-shutdown] o.s.b.w.e.tomcat.GracefulShutdown        : Graceful shutdown complete
2025-03-13 09:34:23.135 com.fallsvc.log.SpringLogDemoApplication logStarting 53 [main] Starting SpringLogDemoApplication using Java 17.0.9 with PID 32884 (C:\Study\github\java_study\spring-log-demo\target\classes started by 12092 in C:\Study\github\java_study\spring-log-demo)
2025-03-13 09:34:23.137 com.fallsvc.log.SpringLogDemoApplication logStartupProfileInfo 652 [main] No active profile set, falling back to 1 default profile: "default"
2025-03-13 09:34:23.840 org.springframework.boot.web.embedded.tomcat.TomcatWebServer initialize 111 [main] Tomcat initialized with port 8080 (http)
2025-03-13 09:34:23.850 org.apache.catalina.core.StandardService log 173 [main] Starting service [Tomcat]
2025-03-13 09:34:23.850 org.apache.catalina.core.StandardEngine log 173 [main] Starting Servlet engine: [Apache Tomcat/10.1.36]
2025-03-13 09:34:23.889 org.apache.catalina.core.ContainerBase.[Tomcat].[localhost].[/] log 173 [main] Initializing Spring embedded WebApplicationContext
2025-03-13 09:34:23.889 org.springframework.boot.web.servlet.context.ServletWebServerApplicationContext prepareWebApplicationContext 301 [main] Root WebApplicationContext: initialization completed in 710 ms
2025-03-13 09:34:24.141 org.springframework.boot.web.embedded.tomcat.TomcatWebServer start 243 [main] Tomcat started on port 8080 (http) with context path '/'
2025-03-13 09:34:24.149 com.fallsvc.log.SpringLogDemoApplication logStarted 59 [main] Started SpringLogDemoApplication in 1.387 seconds (process running for 1.624)
2025-03-13 09:43:57.506 org.springframework.boot.web.embedded.tomcat.GracefulShutdown shutDownGracefully 54 [SpringApplicationShutdownHook] Commencing graceful shutdown. Waiting for active requests to complete
2025-03-13 09:43:57.551 org.springframework.boot.web.embedded.tomcat.GracefulShutdown doShutdown 76 [tomcat-shutdown] Graceful shutdown complete
2025-03-13T09:44:00.188+08:00  INFO 34376 --- [spring-log-demo] [main] c.fallsvc.log.SpringLogDemoApplication   : Starting SpringLogDemoApplication using Java 17.0.9 with PID 34376 (C:\Study\github\java_study\spring-log-demo\target\classes started by 12092 in C:\Study\github\java_study\spring-log-demo)
2025-03-13T09:44:00.190+08:00  INFO 34376 --- [spring-log-demo] [main] c.fallsvc.log.SpringLogDemoApplication   : No active profile set, falling back to 1 default profile: "default"
2025-03-13T09:44:00.862+08:00  INFO 34376 --- [spring-log-demo] [main] o.s.b.w.embedded.tomcat.TomcatWebServer  : Tomcat initialized with port 8080 (http)
2025-03-13T09:44:00.874+08:00  INFO 34376 --- [spring-log-demo] [main] o.apache.catalina.core.StandardService   : Starting service [Tomcat]
2025-03-13T09:44:00.874+08:00  INFO 34376 --- [spring-log-demo] [main] o.apache.catalina.core.StandardEngine    : Starting Servlet engine: [Apache Tomcat/10.1.36]
2025-03-13T09:44:00.927+08:00  INFO 34376 --- [spring-log-demo] [main] o.a.c.c.C.[Tomcat].[localhost].[/]       : Initializing Spring embedded WebApplicationContext
2025-03-13T09:44:00.927+08:00  INFO 34376 --- [spring-log-demo] [main] w.s.c.ServletWebServerApplicationContext : Root WebApplicationContext: initialization completed in 694 ms
2025-03-13T09:44:01.178+08:00  INFO 34376 --- [spring-log-demo] [main] o.s.b.w.embedded.tomcat.TomcatWebServer  : Tomcat started on port 8080 (http) with context path '/'
2025-03-13T09:44:01.184+08:00  INFO 34376 --- [spring-log-demo] [main] c.fallsvc.log.SpringLogDemoApplication   : Started SpringLogDemoApplication in 1.352 seconds (process running for 1.557)
2025-03-13T09:44:30.675+08:00  INFO 34376 --- [spring-log-demo] [http-nio-8080-exec-1] o.a.c.c.C.[Tomcat].[localhost].[/]       : Initializing Spring DispatcherServlet 'dispatcherServlet'
2025-03-13T09:44:30.675+08:00  INFO 34376 --- [spring-log-demo] [http-nio-8080-exec-1] o.s.web.servlet.DispatcherServlet        : Initializing Servlet 'dispatcherServlet'
2025-03-13T09:44:30.675+08:00  INFO 34376 --- [spring-log-demo] [http-nio-8080-exec-1] o.s.web.servlet.DispatcherServlet        : Completed initialization in 0 ms
2025-03-13T09:44:42.807+08:00  INFO 34376 --- [spring-log-demo] [http-nio-8080-exec-3] c.fallsvc.log.controller.LogController2  : logger打印
2025-03-13T09:44:42.809+08:00 ERROR 34376 --- [spring-log-demo] [http-nio-8080-exec-3] c.fallsvc.log.controller.LogController2  : error
2025-03-13T09:44:42.809+08:00 TRACE 34376 --- [spring-log-demo] [http-nio-8080-exec-3] c.fallsvc.log.controller.LogController2  : trace
2025-03-13T09:44:42.809+08:00 DEBUG 34376 --- [spring-log-demo] [http-nio-8080-exec-3] c.fallsvc.log.controller.LogController2  : debug
2025-03-13T09:44:42.809+08:00  WARN 34376 --- [spring-log-demo] [http-nio-8080-exec-3] c.fallsvc.log.controller.LogController2  : warn
2025-03-13T09:45:26.542+08:00  INFO 34376 --- [spring-log-demo] [SpringApplicationShutdownHook] o.s.b.w.e.tomcat.GracefulShutdown        : Commencing graceful shutdown. Waiting for active requests to complete
2025-03-13T09:45:26.635+08:00  INFO 34376 --- [spring-log-demo] [tomcat-shutdown] o.s.b.w.e.tomcat.GracefulShutdown        : Graceful shutdown complete
